[lbvboot.log]
0=OS version: 501 
1=lv mode: -1, OEM id: 0
2=Key #: -1
3=LabelView BootLog Started.
4=App built on ->
5=Feb 26 2007
6=Start initializing application...
7=Application initialized.
8=Start initializing DB Libarary...
9=DB Libarary Initialized.
10=Start initializing configuration...
11=language: 0
12=UNIT: mm
13=GetWinDefaultPrinter() ->
14=\\JIHAD\JIHAD_HP1200,winspool,Ne01:
15=printer_id: -1
16=serial file path: C:\LVWIN60\SRL\
17=picklist file path: C:\LVWIN60\PKL\
18=miscellaneous file path: C:\LVWIN60\Misc\
19=text file path: C:\LVWIN60\TXT\
20=picture file path: C:\LVWIN60\PCX\
21=Print Station Path: 
22=DataBase path: C:\LVWIN60\DBF\
23=ODBC DSN: , ODBC Userid: 
24=label path: C:\LVWIN60\SAMPLES\
25=GetWinDefaultPrinter() ->
26=\\JIHAD\JIHAD_HP1200,winspool,Ne01:
27=ini correct: TRUE
28=GetSpecificPrinter(HP LaserJet Plus) ->
29=not found
30=Debug info. verNu: 501, corrIni: TRUE printer type 10001 printer name HP LaserJet Plus 
31=Configuration initialized.
32=Logon finished.
33=Start initializing instance...
34=Instance initialized.
35=Commandline parsed. Init done.
36=Begin detecting keys ......
37=Detecting old software key ......
38=Detecting Alladin key ......
39=lv_mode = -1
40=Splash Screen closed
41=Main Window created.
